<?xml version="1.0" encoding="UTF-8"?>
<testng-results skipped="0" failed="0" total="1" passed="1">
  <reporter-output>
  </reporter-output>
  <suite name="Surefire suite" duration-ms="198" started-at="2016-10-24T10:16:31Z" finished-at="2016-10-24T10:16:31Z">
    <groups>
    </groups>
    <test name="Surefire test" duration-ms="198" started-at="2016-10-24T10:16:31Z" finished-at="2016-10-24T10:16:31Z">
      <class name="Testing">
        <test-method status="PASS" signature="setUp()[pri:0, instance:Testing@2873d672]" name="setUp" is-config="true" duration-ms="26" started-at="2016-10-24T15:46:31Z" finished-at="2016-10-24T15:46:31Z">
          <reporter-output>
          </reporter-output>
        </test-method> <!-- setUp -->
        <test-method status="PASS" signature="example()[pri:0, instance:Testing@2873d672]" name="example" duration-ms="29" started-at="2016-10-24T15:46:31Z" finished-at="2016-10-24T15:46:31Z">
          <reporter-output>
          </reporter-output>
        </test-method> <!-- example -->
      </class> <!-- Testing -->
    </test> <!-- Surefire test -->
  </suite> <!-- Surefire suite -->
</testng-results>
